[36m2020/07/30 03:03:12,971[m [33m[WARN][m  [com.zaxxer.hikari.pool.HikariPool$HouseKeeper] [33m[HikariPool-1 housekeeper][m- HikariPool-1 - Thread starvation or clock leap detected (housekeeper delta=4h49m11s271ms).
 -[36m2020/07/30 04:51:28,330[m [33m[WARN][m  [com.zaxxer.hikari.pool.HikariPool$HouseKeeper] [33m[HikariPool-1 housekeeper][m- HikariPool-1 - Thread starvation or clock leap detected (housekeeper delta=1h48m15s549ms).
 -[36m2020/07/30 06:50:14,372[m [33m[WARN][m  [com.zaxxer.hikari.pool.HikariPool$HouseKeeper] [33m[HikariPool-1 housekeeper][m- HikariPool-1 - Thread starvation or clock leap detected (housekeeper delta=1h58m46s50ms).
 -[36m2020/07/30 08:20:34,525[m [33m[WARN][m  [com.zaxxer.hikari.pool.HikariPool$HouseKeeper] [33m[HikariPool-1 housekeeper][m- HikariPool-1 - Thread starvation or clock leap detected (housekeeper delta=1h30m20s139ms).
 -[36m2020/07/30 10:16:31,481[m [33m[WARN][m  [com.zaxxer.hikari.pool.HikariPool$HouseKeeper] [33m[HikariPool-1 housekeeper][m- HikariPool-1 - Thread starvation or clock leap detected (housekeeper delta=1h55m56s977ms).
 -[36m2020/07/30 10:18:07,752[m [33m[WARN][m  [com.zaxxer.hikari.pool.HikariPool$HouseKeeper] [33m[HikariPool-1 housekeeper][m- HikariPool-1 - Thread starvation or clock leap detected (housekeeper delta=1m36s271ms).
 -[36m2020/07/30 10:23:18,966[m [33m[WARN][m  [com.zaxxer.hikari.pool.HikariPool$HouseKeeper] [33m[HikariPool-1 housekeeper][m- HikariPool-1 - Thread starvation or clock leap detected (housekeeper delta=5m11s214ms).
 -[36m2020/07/30 10:25:41,585[m [33m[WARN][m  [com.zaxxer.hikari.pool.HikariPool$HouseKeeper] [33m[HikariPool-1 housekeeper][m- HikariPool-1 - Thread starvation or clock leap detected (housekeeper delta=2m22s619ms).
 -[36m2020/07/30 10:50:33,462[m [33m[WARN][m  [org.springframework.beans.factory.support.DisposableBeanAdapter] [33m[SpringContextShutdownHook][m- Invocation of destroy method failed on bean with name 'inMemoryDatabaseShutdownExecutor': org.h2.jdbc.JdbcSQLNonTransientConnectionException: Database is already closed (to disable automatic closing at VM shutdown, add ";DB_CLOSE_ON_EXIT=FALSE" to the db URL) [90121-200]
 -[36m2020/07/30 11:01:03,993[m [32m[INFO][m  [org.springframework.boot.StartupInfoLogger] [33m[restartedMain][m- Starting Application on macui-MacBookPro.local with PID 76945 (/Users/mac/Desktop/Github/2020-14f-guys/build/classes/java/main started by mac in /Users/mac/Desktop/Github/2020-14f-guys)
 -[36m2020/07/30 11:01:04,002[m [32m[INFO][m  [org.springframework.boot.SpringApplication] [33m[restartedMain][m- The following profiles are active: dev
 -[36m2020/07/30 11:01:04,055[m [32m[INFO][m  [org.springframework.boot.logging.DeferredLog] [33m[restartedMain][m- Devtools property defaults active! Set 'spring.devtools.add-properties' to 'false' to disable
 -[36m2020/07/30 11:01:04,056[m [32m[INFO][m  [org.springframework.boot.logging.DeferredLog] [33m[restartedMain][m- For additional web related logging consider setting the 'logging.level.web' property to 'DEBUG'
 -[36m2020/07/30 11:01:04,898[m [32m[INFO][m  [org.springframework.data.repository.config.RepositoryConfigurationDelegate] [33m[restartedMain][m- Bootstrapping Spring Data JDBC repositories in DEFAULT mode.
 -[36m2020/07/30 11:01:05,009[m [32m[INFO][m  [org.springframework.data.repository.config.RepositoryConfigurationDelegate] [33m[restartedMain][m- Finished Spring Data repository scanning in 102ms. Found 6 JDBC repository interfaces.
 -[36m2020/07/30 11:01:05,654[m [32m[INFO][m  [org.springframework.boot.web.embedded.tomcat.TomcatWebServer] [33m[restartedMain][m- Tomcat initialized with port(s): 8080 (http)
 -[36m2020/07/30 11:01:05,709[m [32m[INFO][m  [org.apache.juli.logging.DirectJDKLog] [33m[restartedMain][m- Initializing ProtocolHandler ["http-nio-8080"]
 -[36m2020/07/30 11:01:05,709[m [32m[INFO][m  [org.apache.juli.logging.DirectJDKLog] [33m[restartedMain][m- Starting service [Tomcat]
 -[36m2020/07/30 11:01:05,710[m [32m[INFO][m  [org.apache.juli.logging.DirectJDKLog] [33m[restartedMain][m- Starting Servlet engine: [Apache Tomcat/9.0.36]
 -[36m2020/07/30 11:01:05,801[m [32m[INFO][m  [org.apache.juli.logging.DirectJDKLog] [33m[restartedMain][m- Initializing Spring embedded WebApplicationContext
 -[36m2020/07/30 11:01:05,801[m [32m[INFO][m  [org.springframework.boot.web.servlet.context.ServletWebServerApplicationContext] [33m[restartedMain][m- Root WebApplicationContext: initialization completed in 1745 ms
 -[36m2020/07/30 11:01:05,841[m [32m[INFO][m  [com.zaxxer.hikari.HikariDataSource] [33m[restartedMain][m- HikariPool-1 - Starting...
 -[36m2020/07/30 11:01:06,043[m [32m[INFO][m  [com.zaxxer.hikari.HikariDataSource] [33m[restartedMain][m- HikariPool-1 - Start completed.
 -[36m2020/07/30 11:01:06,085[m [32m[INFO][m  [org.springframework.boot.autoconfigure.h2.H2ConsoleAutoConfiguration] [33m[restartedMain][m- H2 console available at '/h2-console'. Database available at 'jdbc:h2:mem:8e12624d-88ef-4813-b948-50958a18a91e'
 -[36m2020/07/30 11:01:06,147[m [32m[INFO][m  [org.springframework.boot.devtools.autoconfigure.OptionalLiveReloadServer] [33m[restartedMain][m- LiveReload server is running on port 35729
 -[36m2020/07/30 11:01:06,707[m [32m[INFO][m  [org.springframework.scheduling.concurrent.ExecutorConfigurationSupport] [33m[restartedMain][m- Initializing ExecutorService 'applicationTaskExecutor'
 -[36m2020/07/30 11:01:06,963[m [32m[INFO][m  [org.apache.juli.logging.DirectJDKLog] [33m[restartedMain][m- Starting ProtocolHandler ["http-nio-8080"]
 -[36m2020/07/30 11:01:06,992[m [32m[INFO][m  [org.springframework.boot.web.embedded.tomcat.TomcatWebServer] [33m[restartedMain][m- Tomcat started on port(s): 8080 (http) with context path ''
 -[36m2020/07/30 11:01:07,002[m [32m[INFO][m  [org.springframework.boot.StartupInfoLogger] [33m[restartedMain][m- Started Application in 3.646 seconds (JVM running for 4.768)
 -[36m2020/07/30 11:01:34,330[m [33m[WARN][m  [org.springframework.beans.factory.support.DisposableBeanAdapter] [33m[SpringContextShutdownHook][m- Invocation of destroy method failed on bean with name 'inMemoryDatabaseShutdownExecutor': org.h2.jdbc.JdbcSQLNonTransientConnectionException: Database is already closed (to disable automatic closing at VM shutdown, add ";DB_CLOSE_ON_EXIT=FALSE" to the db URL) [90121-200]
 -[36m2020/07/30 11:01:34,419[m [32m[INFO][m  [org.springframework.scheduling.concurrent.ExecutorConfigurationSupport] [33m[SpringContextShutdownHook][m- Shutting down ExecutorService 'applicationTaskExecutor'
 -[36m2020/07/30 11:01:34,430[m [32m[INFO][m  [com.zaxxer.hikari.HikariDataSource] [33m[SpringContextShutdownHook][m- HikariPool-1 - Shutdown initiated...
 -[36m2020/07/30 11:01:34,438[m [32m[INFO][m  [com.zaxxer.hikari.HikariDataSource] [33m[SpringContextShutdownHook][m- HikariPool-1 - Shutdown completed.
 -[31m2020/07/30 11:07:44,251[m [32m[INFO][m  [org.springframework.boot.StartupInfoLogger] [33m[restartedMain][m- Starting Application on macui-MacBookPro.local with PID 77070 (/Users/mac/Desktop/Github/2020-14f-guys/build/classes/java/main started by mac in /Users/mac/Desktop/Github/2020-14f-guys)
 -[31m2020/07/30 11:07:44,259[m [32m[INFO][m  [org.springframework.boot.SpringApplication] [33m[restartedMain][m- The following profiles are active: prod
 -[31m2020/07/30 11:07:44,301[m [32m[INFO][m  [org.springframework.boot.logging.DeferredLog] [33m[restartedMain][m- Devtools property defaults active! Set 'spring.devtools.add-properties' to 'false' to disable
 -[31m2020/07/30 11:07:44,301[m [32m[INFO][m  [org.springframework.boot.logging.DeferredLog] [33m[restartedMain][m- For additional web related logging consider setting the 'logging.level.web' property to 'DEBUG'
 -[31m2020/07/30 11:07:44,908[m [32m[INFO][m  [org.springframework.data.repository.config.RepositoryConfigurationDelegate] [33m[restartedMain][m- Bootstrapping Spring Data JDBC repositories in DEFAULT mode.
 -[31m2020/07/30 11:07:44,987[m [32m[INFO][m  [org.springframework.data.repository.config.RepositoryConfigurationDelegate] [33m[restartedMain][m- Finished Spring Data repository scanning in 76ms. Found 6 JDBC repository interfaces.
 -[31m2020/07/30 11:07:45,489[m [32m[INFO][m  [org.springframework.boot.web.embedded.tomcat.TomcatWebServer] [33m[restartedMain][m- Tomcat initialized with port(s): 8080 (http)
 -[31m2020/07/30 11:07:45,540[m [32m[INFO][m  [org.apache.juli.logging.DirectJDKLog] [33m[restartedMain][m- Initializing ProtocolHandler ["http-nio-8080"]
 -[31m2020/07/30 11:07:45,541[m [32m[INFO][m  [org.apache.juli.logging.DirectJDKLog] [33m[restartedMain][m- Starting service [Tomcat]
 -[31m2020/07/30 11:07:45,542[m [32m[INFO][m  [org.apache.juli.logging.DirectJDKLog] [33m[restartedMain][m- Starting Servlet engine: [Apache Tomcat/9.0.36]
 -[31m2020/07/30 11:07:45,601[m [32m[INFO][m  [org.apache.juli.logging.DirectJDKLog] [33m[restartedMain][m- Initializing Spring embedded WebApplicationContext
 -[31m2020/07/30 11:07:45,601[m [32m[INFO][m  [org.springframework.boot.web.servlet.context.ServletWebServerApplicationContext] [33m[restartedMain][m- Root WebApplicationContext: initialization completed in 1300 ms
 -[31m2020/07/30 11:07:45,634[m [32m[INFO][m  [com.zaxxer.hikari.HikariDataSource] [33m[restartedMain][m- HikariPool-1 - Starting...
 -[31m2020/07/30 11:07:45,746[m [32m[INFO][m  [com.zaxxer.hikari.HikariDataSource] [33m[restartedMain][m- HikariPool-1 - Start completed.
 -[31m2020/07/30 11:07:45,814[m [32m[INFO][m  [org.springframework.boot.autoconfigure.h2.H2ConsoleAutoConfiguration] [33m[restartedMain][m- H2 console available at '/h2-console'. Database available at 'jdbc:h2:mem:69440e04-e520-4158-a165-3c267fe9fe3f'
 -[31m2020/07/30 11:07:45,889[m [32m[INFO][m  [org.springframework.boot.devtools.autoconfigure.OptionalLiveReloadServer] [33m[restartedMain][m- LiveReload server is running on port 35729
 -[31m2020/07/30 11:07:46,363[m [32m[INFO][m  [org.springframework.scheduling.concurrent.ExecutorConfigurationSupport] [33m[restartedMain][m- Initializing ExecutorService 'applicationTaskExecutor'
 -[31m2020/07/30 11:07:46,524[m [32m[INFO][m  [org.apache.juli.logging.DirectJDKLog] [33m[restartedMain][m- Starting ProtocolHandler ["http-nio-8080"]
 -[31m2020/07/30 11:07:46,550[m [32m[INFO][m  [org.springframework.boot.web.embedded.tomcat.TomcatWebServer] [33m[restartedMain][m- Tomcat started on port(s): 8080 (http) with context path ''
 -[31m2020/07/30 11:07:46,559[m [32m[INFO][m  [org.springframework.boot.StartupInfoLogger] [33m[restartedMain][m- Started Application in 2.688 seconds (JVM running for 3.648)
 -[31m2020/07/30 12:05:27,211[m [33m[WARN][m  [com.zaxxer.hikari.pool.HikariPool$HouseKeeper] [33m[HikariPool-1 housekeeper][m- HikariPool-1 - Thread starvation or clock leap detected (housekeeper delta=49m11s312ms).
 -[31m2020/07/30 12:15:17,781[m [33m[WARN][m  [com.zaxxer.hikari.pool.HikariPool$HouseKeeper] [33m[HikariPool-1 housekeeper][m- HikariPool-1 - Thread starvation or clock leap detected (housekeeper delta=50s514ms).
 -[31m2020/07/30 12:15:36,741[m [33m[WARN][m  [org.springframework.beans.factory.support.DisposableBeanAdapter] [33m[SpringContextShutdownHook][m- Invocation of destroy method failed on bean with name 'inMemoryDatabaseShutdownExecutor': org.h2.jdbc.JdbcSQLNonTransientConnectionException: Database is already closed (to disable automatic closing at VM shutdown, add ";DB_CLOSE_ON_EXIT=FALSE" to the db URL) [90121-200]
 -[31m2020/07/30 12:15:36,776[m [32m[INFO][m  [org.springframework.scheduling.concurrent.ExecutorConfigurationSupport] [33m[SpringContextShutdownHook][m- Shutting down ExecutorService 'applicationTaskExecutor'
 -[31m2020/07/30 12:15:36,781[m [32m[INFO][m  [com.zaxxer.hikari.HikariDataSource] [33m[SpringContextShutdownHook][m- HikariPool-1 - Shutdown initiated...
 -[31m2020/07/30 12:15:36,786[m [32m[INFO][m  [com.zaxxer.hikari.HikariDataSource] [33m[SpringContextShutdownHook][m- HikariPool-1 - Shutdown completed.
 -[31m2020/07/30 12:48:02,465[m [32m[INFO][m  [?] [33m[main][m- Starting Application on macui-MacBookPro.local with PID 84113 (/Users/mac/Desktop/Github/2020-14f-guys/build/libs/peloton-0.0.1-SNAPSHOT.jar started by mac in /Users/mac/Desktop/Github/2020-14f-guys)
 -[31m2020/07/30 12:48:02,481[m [32m[INFO][m  [?] [33m[main][m- The following profiles are active: prod
 -[31m2020/07/30 12:48:03,539[m [32m[INFO][m  [?] [33m[main][m- Bootstrapping Spring Data JDBC repositories in DEFAULT mode.
 -[31m2020/07/30 12:48:03,862[m [32m[INFO][m  [?] [33m[main][m- Finished Spring Data repository scanning in 317ms. Found 6 JDBC repository interfaces.
 -[31m2020/07/30 12:48:04,666[m [32m[INFO][m  [?] [33m[main][m- Tomcat initialized with port(s): 8080 (http)
 -[31m2020/07/30 12:48:04,680[m [32m[INFO][m  [?] [33m[main][m- Initializing ProtocolHandler ["http-nio-8080"]
 -[31m2020/07/30 12:48:04,681[m [32m[INFO][m  [?] [33m[main][m- Starting service [Tomcat]
 -[31m2020/07/30 12:48:04,682[m [32m[INFO][m  [?] [33m[main][m- Starting Servlet engine: [Apache Tomcat/9.0.36]
 -[31m2020/07/30 12:48:04,830[m [32m[INFO][m  [?] [33m[main][m- Initializing Spring embedded WebApplicationContext
 -[31m2020/07/30 12:48:04,830[m [32m[INFO][m  [?] [33m[main][m- Root WebApplicationContext: initialization completed in 2269 ms
 -[31m2020/07/30 12:48:05,047[m [32m[INFO][m  [?] [33m[main][m- HikariPool-1 - Starting...
 -[31m2020/07/30 12:49:49,603[m [32m[INFO][m  [org.springframework.boot.StartupInfoLogger] [33m[main][m- Starting Application on macui-MacBookPro.local with PID 84453 (/Users/mac/Desktop/Github/2020-14f-guys/build/libs/peloton-0.0.1-SNAPSHOT.jar started by mac in /Users/mac/Desktop/Github/2020-14f-guys)
 -[31m2020/07/30 12:49:49,616[m [32m[INFO][m  [org.springframework.boot.SpringApplication] [33m[main][m- The following profiles are active: prod
 -[31m2020/07/30 12:49:50,705[m [32m[INFO][m  [org.springframework.data.repository.config.RepositoryConfigurationDelegate] [33m[main][m- Bootstrapping Spring Data JDBC repositories in DEFAULT mode.
 -[31m2020/07/30 12:49:51,040[m [32m[INFO][m  [org.springframework.data.repository.config.RepositoryConfigurationDelegate] [33m[main][m- Finished Spring Data repository scanning in 328ms. Found 6 JDBC repository interfaces.
 -[31m2020/07/30 12:49:51,823[m [32m[INFO][m  [org.springframework.boot.web.embedded.tomcat.TomcatWebServer] [33m[main][m- Tomcat initialized with port(s): 8080 (http)
 -[31m2020/07/30 12:49:51,840[m [32m[INFO][m  [org.apache.juli.logging.DirectJDKLog] [33m[main][m- Initializing ProtocolHandler ["http-nio-8080"]
 -[31m2020/07/30 12:49:51,842[m [32m[INFO][m  [org.apache.juli.logging.DirectJDKLog] [33m[main][m- Starting service [Tomcat]
 -[31m2020/07/30 12:49:51,843[m [32m[INFO][m  [org.apache.juli.logging.DirectJDKLog] [33m[main][m- Starting Servlet engine: [Apache Tomcat/9.0.36]
 -[31m2020/07/30 12:49:51,984[m [32m[INFO][m  [org.apache.juli.logging.DirectJDKLog] [33m[main][m- Initializing Spring embedded WebApplicationContext
 -[31m2020/07/30 12:49:51,985[m [32m[INFO][m  [org.springframework.boot.web.servlet.context.ServletWebServerApplicationContext] [33m[main][m- Root WebApplicationContext: initialization completed in 2285 ms
 -[31m2020/07/30 12:49:52,217[m [32m[INFO][m  [com.zaxxer.hikari.HikariDataSource] [33m[main][m- HikariPool-1 - Starting...
 -[31m2020/07/30 12:49:52,545[m [32m[INFO][m  [com.zaxxer.hikari.HikariDataSource] [33m[main][m- HikariPool-1 - Start completed.
 -[31m2020/07/30 12:49:53,291[m [32m[INFO][m  [org.springframework.scheduling.concurrent.ExecutorConfigurationSupport] [33m[main][m- Initializing ExecutorService 'applicationTaskExecutor'
 -[31m2020/07/30 12:49:53,594[m [32m[INFO][m  [org.apache.juli.logging.DirectJDKLog] [33m[main][m- Starting ProtocolHandler ["http-nio-8080"]
 -[31m2020/07/30 12:49:53,654[m [32m[INFO][m  [org.springframework.boot.web.embedded.tomcat.TomcatWebServer] [33m[main][m- Tomcat started on port(s): 8080 (http) with context path ''
 -[31m2020/07/30 12:49:53,665[m [32m[INFO][m  [org.springframework.boot.StartupInfoLogger] [33m[main][m- Started Application in 4.883 seconds (JVM running for 6.029)
 -[31m2020/07/30 12:50:27,242[m [32m[INFO][m  [org.springframework.scheduling.concurrent.ExecutorConfigurationSupport] [33m[SpringContextShutdownHook][m- Shutting down ExecutorService 'applicationTaskExecutor'
 -[31m2020/07/30 12:50:27,245[m [32m[INFO][m  [com.zaxxer.hikari.HikariDataSource] [33m[SpringContextShutdownHook][m- HikariPool-1 - Shutdown initiated...
 -[31m2020/07/30 12:50:27,250[m [32m[INFO][m  [com.zaxxer.hikari.HikariDataSource] [33m[SpringContextShutdownHook][m- HikariPool-1 - Shutdown completed.
 -[31m2020/07/30 12:50:49,553[m [32m[INFO][m  [?] [33m[main][m- Starting Application on macui-MacBookPro.local with PID 84624 (/Users/mac/Desktop/Github/2020-14f-guys/build/libs/peloton-0.0.1-SNAPSHOT.jar started by mac in /Users/mac/Desktop/Github/2020-14f-guys)
 -[31m2020/07/30 12:50:49,554[m [32m[INFO][m  [?] [33m[main][m- The following profiles are active: prod
 -[31m2020/07/30 12:50:50,704[m [32m[INFO][m  [?] [33m[main][m- Bootstrapping Spring Data JDBC repositories in DEFAULT mode.
 -[31m2020/07/30 12:50:50,987[m [32m[INFO][m  [?] [33m[main][m- Finished Spring Data repository scanning in 276ms. Found 6 JDBC repository interfaces.
 -[31m2020/07/30 12:50:51,800[m [32m[INFO][m  [?] [33m[main][m- Tomcat initialized with port(s): 8080 (http)
 -[31m2020/07/30 12:50:51,820[m [32m[INFO][m  [?] [33m[main][m- Initializing ProtocolHandler ["http-nio-8080"]
 -[31m2020/07/30 12:50:51,822[m [32m[INFO][m  [?] [33m[main][m- Starting service [Tomcat]
 -[31m2020/07/30 12:50:51,824[m [32m[INFO][m  [?] [33m[main][m- Starting Servlet engine: [Apache Tomcat/9.0.36]
 -[31m2020/07/30 12:50:51,967[m [32m[INFO][m  [?] [33m[main][m- Initializing Spring embedded WebApplicationContext
 -[31m2020/07/30 12:50:51,969[m [32m[INFO][m  [?] [33m[main][m- Root WebApplicationContext: initialization completed in 2312 ms
 -[31m2020/07/30 12:50:52,236[m [32m[INFO][m  [?] [33m[main][m- HikariPool-1 - Starting...
 -[31m2020/07/30 12:50:52,534[m [32m[INFO][m  [?] [33m[main][m- HikariPool-1 - Start completed.
 -[31m2020/07/30 12:50:53,406[m [32m[INFO][m  [?] [33m[main][m- Initializing ExecutorService 'applicationTaskExecutor'
 -[31m2020/07/30 12:50:53,726[m [32m[INFO][m  [?] [33m[main][m- Starting ProtocolHandler ["http-nio-8080"]
 -[31m2020/07/30 12:50:53,797[m [32m[INFO][m  [?] [33m[main][m- Tomcat started on port(s): 8080 (http) with context path ''
 -[31m2020/07/30 12:50:53,817[m [32m[INFO][m  [?] [33m[main][m- Started Application in 5.244 seconds (JVM running for 6.732)
 -[31m2020/07/30 12:54:34,313[m [32m[INFO][m  [?] [33m[SpringContextShutdownHook][m- Shutting down ExecutorService 'applicationTaskExecutor'
 -[31m2020/07/30 12:54:34,317[m [32m[INFO][m  [?] [33m[SpringContextShutdownHook][m- HikariPool-1 - Shutdown initiated...
 -[31m2020/07/30 12:54:34,320[m [32m[INFO][m  [?] [33m[SpringContextShutdownHook][m- HikariPool-1 - Shutdown completed.
 -